# JRE version: Java(TM) SE Runtime Environment (7.0_65-b17) (build 1.7.0_65-b17)
# Java VM: Java HotSpot(TM) 64-Bit Server VM (24.65-b04 mixed mode linux-amd64 compressed oops)
Heap
 PSYoungGen      total 101888K, used 8925K [0x00000000ec000000, 0x00000000f5e80000, 0x0000000100000000)
  eden space 46080K, 2% used [0x00000000ec000000,0x00000000ec152918,0x00000000eed00000)
  from space 55808K, 13% used [0x00000000eed00000,0x00000000ef464eb8,0x00000000f2380000)
  to   space 53248K, 0% used [0x00000000f2a80000,0x00000000f2a80000,0x00000000f5e80000)
 ParOldGen       total 193536K, used 141646K [0x00000000c4000000, 0x00000000cfd00000, 0x00000000ec000000)
  object space 193536K, 73% used [0x00000000c4000000,0x00000000cca53b68,0x00000000cfd00000)
 PSPermGen       total 60928K, used 30080K [0x00000000bee00000, 0x00000000c2980000, 0x00000000c4000000)
  object space 60928K, 49% used [0x00000000bee00000,0x00000000c0b60010,0x00000000c2980000)
GC Heap History (10 events):
Event: 317,824 GC heap before
{Heap before GC invocations=25 (full 3):
 PSYoungGen      total 94208K, used 33508K [0x00000000ec000000, 0x00000000f5780000, 0x0000000100000000)
  eden space 35328K, 0% used [0x00000000ec000000,0x00000000ec000000,0x00000000ee280000)
  from space 58880K, 56% used [0x00000000f1e00000,0x00000000f3eb91a0,0x00000000f5780000)
  to   space 59904K, 0% used [0x00000000ee280000,0x00000000ee280000,0x00000000f1d00000)
 ParOldGen       total 99328K, used 93196K [0x00000000c4000000, 0x00000000ca100000, 0x00000000ec000000)
  object space 99328K, 93% used [0x00000000c4000000,0x00000000c9b033a8,0x00000000ca100000)
 PSPermGen       total 64512K, used 30021K [0x00000000bee00000, 0x00000000c2d00000, 0x00000000c4000000)
  object space 64512K, 46% used [0x00000000bee00000,0x00000000c0b51600,0x00000000c2d00000)
Event: 318,607 GC heap after
Heap after GC invocations=25 (full 3):
 PSYoungGen      total 94208K, used 25269K [0x00000000ec000000, 0x00000000f5780000, 0x0000000100000000)
  eden space 35328K, 0% used [0x00000000ec000000,0x00000000ec000000,0x00000000ee280000)
  from space 58880K, 42% used [0x00000000f1e00000,0x00000000f36ad5e8,0x00000000f5780000)
  to   space 59904K, 0% used [0x00000000ee280000,0x00000000ee280000,0x00000000f1d00000)
 ParOldGen       total 141824K, used 98914K [0x00000000c4000000, 0x00000000cca80000, 0x00000000ec000000)
  object space 141824K, 69% used [0x00000000c4000000,0x00000000ca098830,0x00000000cca80000)
 PSPermGen       total 63488K, used 30018K [0x00000000bee00000, 0x00000000c2c00000, 0x00000000c4000000)
  object space 63488K, 47% used [0x00000000bee00000,0x00000000c0b50a60,0x00000000c2c00000)
}
Event: 342,366 GC heap before
{Heap before GC invocations=26 (full 3):
 PSYoungGen      total 94208K, used 60597K [0x00000000ec000000, 0x00000000f5780000, 0x0000000100000000)
  eden space 35328K, 100% used [0x00000000ec000000,0x00000000ee280000,0x00000000ee280000)
  from space 58880K, 42% used [0x00000000f1e00000,0x00000000f36ad5e8,0x00000000f5780000)
  to   space 59904K, 0% used [0x00000000ee280000,0x00000000ee280000,0x00000000f1d00000)
 ParOldGen       total 141824K, used 98914K [0x00000000c4000000, 0x00000000cca80000, 0x00000000ec000000)
  object space 141824K, 69% used [0x00000000c4000000,0x00000000ca098830,0x00000000cca80000)
 PSPermGen       total 63488K, used 30045K [0x00000000bee00000, 0x00000000c2c00000, 0x00000000c4000000)
  object space 63488K, 47% used [0x00000000bee00000,0x00000000c0b574c0,0x00000000c2c00000)
Event: 342,441 GC heap after
Heap after GC invocations=26 (full 3):
 PSYoungGen      total 95232K, used 20584K [0x00000000ec000000, 0x00000000f5b80000, 0x0000000100000000)
  eden space 35328K, 0% used [0x00000000ec000000,0x00000000ec000000,0x00000000ee280000)
  from space 59904K, 34% used [0x00000000ee280000,0x00000000ef69a0b0,0x00000000f1d00000)
  to   space 57344K, 0% used [0x00000000f2380000,0x00000000f2380000,0x00000000f5b80000)
 ParOldGen       total 141824K, used 109903K [0x00000000c4000000, 0x00000000cca80000, 0x00000000ec000000)
  object space 141824K, 77% used [0x00000000c4000000,0x00000000cab53c50,0x00000000cca80000)
 PSPermGen       total 63488K, used 30045K [0x00000000bee00000, 0x00000000c2c00000, 0x00000000c4000000)
  object space 63488K, 47% used [0x00000000bee00000,0x00000000c0b574c0,0x00000000c2c00000)
}
Event: 344,060 GC heap before
{Heap before GC invocations=27 (full 3):
 PSYoungGen      total 95232K, used 55865K [0x00000000ec000000, 0x00000000f5b80000, 0x0000000100000000)
  eden space 35328K, 99% used [0x00000000ec000000,0x00000000ee274718,0x00000000ee280000)
  from space 59904K, 34% used [0x00000000ee280000,0x00000000ef69a0b0,0x00000000f1d00000)
  to   space 57344K, 0% used [0x00000000f2380000,0x00000000f2380000,0x00000000f5b80000)
 ParOldGen       total 141824K, used 109903K [0x00000000c4000000, 0x00000000cca80000, 0x00000000ec000000)
  object space 141824K, 77% used [0x00000000c4000000,0x00000000cab53c50,0x00000000cca80000)
 PSPermGen       total 63488K, used 30061K [0x00000000bee00000, 0x00000000c2c00000, 0x00000000c4000000)
  object space 63488K, 47% used [0x00000000bee00000,0x00000000c0b5b7d0,0x00000000c2c00000)
Event: 344,105 GC heap after
Heap after GC invocations=27 (full 3):
 PSYoungGen      total 101888K, used 29241K [0x00000000ec000000, 0x00000000f5a00000, 0x0000000100000000)
  eden space 46080K, 0% used [0x00000000ec000000,0x00000000ec000000,0x00000000eed00000)
  from space 55808K, 52% used [0x00000000f2380000,0x00000000f400e6f0,0x00000000f5a00000)
  to   space 55808K, 0% used [0x00000000eed00000,0x00000000eed00000,0x00000000f2380000)
 ParOldGen       total 141824K, used 119861K [0x00000000c4000000, 0x00000000cca80000, 0x00000000ec000000)
  object space 141824K, 84% used [0x00000000c4000000,0x00000000cb50d478,0x00000000cca80000)
 PSPermGen       total 63488K, used 30061K [0x00000000bee00000, 0x00000000c2c00000, 0x00000000c4000000)
  object space 63488K, 47% used [0x00000000bee00000,0x00000000c0b5b7d0,0x00000000c2c00000)
}
Event: 369,673 GC heap before
{Heap before GC invocations=28 (full 3):
 PSYoungGen      total 101888K, used 75321K [0x00000000ec000000, 0x00000000f5a00000, 0x0000000100000000)
  eden space 46080K, 100% used [0x00000000ec000000,0x00000000eed00000,0x00000000eed00000)
  from space 55808K, 52% used [0x00000000f2380000,0x00000000f400e6f0,0x00000000f5a00000)
  to   space 55808K, 0% used [0x00000000eed00000,0x00000000eed00000,0x00000000f2380000)
 ParOldGen       total 141824K, used 119861K [0x00000000c4000000, 0x00000000cca80000, 0x00000000ec000000)
  object space 141824K, 84% used [0x00000000c4000000,0x00000000cb50d478,0x00000000cca80000)
 PSPermGen       total 63488K, used 30080K [0x00000000bee00000, 0x00000000c2c00000, 0x00000000c4000000)
  object space 63488K, 47% used [0x00000000bee00000,0x00000000c0b600c0,0x00000000c2c00000)
Event: 369,710 GC heap after
Heap after GC invocations=28 (full 3):
 PSYoungGen      total 101888K, used 21476K [0x00000000ec000000, 0x00000000f5e80000, 0x0000000100000000)
  eden space 46080K, 0% used [0x00000000ec000000,0x00000000ec000000,0x00000000eed00000)
  from space 55808K, 38% used [0x00000000eed00000,0x00000000f01f9300,0x00000000f2380000)
  to   space 53248K, 0% used [0x00000000f2a80000,0x00000000f2a80000,0x00000000f5e80000)
 ParOldGen       total 141824K, used 129105K [0x00000000c4000000, 0x00000000cca80000, 0x00000000ec000000)
  object space 141824K, 91% used [0x00000000c4000000,0x00000000cbe145a8,0x00000000cca80000)
 PSPermGen       total 63488K, used 30080K [0x00000000bee00000, 0x00000000c2c00000, 0x00000000c4000000)
  object space 63488K, 47% used [0x00000000bee00000,0x00000000c0b600c0,0x00000000c2c00000)
}
Event: 369,710 GC heap before
{Heap before GC invocations=29 (full 4):
 PSYoungGen      total 101888K, used 21476K [0x00000000ec000000, 0x00000000f5e80000, 0x0000000100000000)
  eden space 46080K, 0% used [0x00000000ec000000,0x00000000ec000000,0x00000000eed00000)
  from space 55808K, 38% used [0x00000000eed00000,0x00000000f01f9300,0x00000000f2380000)
  to   space 53248K, 0% used [0x00000000f2a80000,0x00000000f2a80000,0x00000000f5e80000)
 ParOldGen       total 141824K, used 129105K [0x00000000c4000000, 0x00000000cca80000, 0x00000000ec000000)
  object space 141824K, 91% used [0x00000000c4000000,0x00000000cbe145a8,0x00000000cca80000)
 PSPermGen       total 63488K, used 30080K [0x00000000bee00000, 0x00000000c2c00000, 0x00000000c4000000)
  object space 63488K, 47% used [0x00000000bee00000,0x00000000c0b600c0,0x00000000c2c00000)
Event: 370,406 GC heap after
Heap after GC invocations=29 (full 4):
 PSYoungGen      total 101888K, used 7571K [0x00000000ec000000, 0x00000000f5e80000, 0x0000000100000000)
  eden space 46080K, 0% used [0x00000000ec000000,0x00000000ec000000,0x00000000eed00000)
  from space 55808K, 13% used [0x00000000eed00000,0x00000000ef464eb8,0x00000000f2380000)
  to   space 53248K, 0% used [0x00000000f2a80000,0x00000000f2a80000,0x00000000f5e80000)
 ParOldGen       total 193536K, used 141646K [0x00000000c4000000, 0x00000000cfd00000, 0x00000000ec000000)
  object space 193536K, 73% used [0x00000000c4000000,0x00000000cca53b68,0x00000000cfd00000)
 PSPermGen       total 60928K, used 30079K [0x00000000bee00000, 0x00000000c2980000, 0x00000000c4000000)
  object space 60928K, 49% used [0x00000000bee00000,0x00000000c0b5fea0,0x00000000c2980000)
}

