# JRE version: Java(TM) SE Runtime Environment (7.0_55-b13) (build 1.7.0_55-b13)
# Java VM: Java HotSpot(TM) 64-Bit Server VM (24.55-b03 mixed mode linux-amd64 compressed oops)
Heap
 PSYoungGen      total 205824K, used 88109K [0x00000000ec000000, 0x00000000fc380000, 0x0000000100000000)
  eden space 168448K, 40% used [0x00000000ec000000,0x00000000f01da120,0x00000000f6480000)
  from space 37376K, 55% used [0x00000000f6480000,0x00000000f78b12f8,0x00000000f8900000)
  to   space 37888K, 0% used [0x00000000f9e80000,0x00000000f9e80000,0x00000000fc380000)
 ParOldGen       total 79872K, used 57242K [0x00000000c4000000, 0x00000000c8e00000, 0x00000000ec000000)
  object space 79872K, 71% used [0x00000000c4000000,0x00000000c77e68d0,0x00000000c8e00000)
 PSPermGen       total 55296K, used 31175K [0x00000000bee00000, 0x00000000c2400000, 0x00000000c4000000)
  object space 55296K, 56% used [0x00000000bee00000,0x00000000c0c71dd0,0x00000000c2400000)
GC Heap History (10 events):
Event: 31,982 GC heap before
{Heap before GC invocations=14 (full 1):
 PSYoungGen      total 142336K, used 133428K [0x00000000ec000000, 0x00000000f7080000, 0x0000000100000000)
  eden space 112640K, 100% used [0x00000000ec000000,0x00000000f2e00000,0x00000000f2e00000)
  from space 29696K, 70% used [0x00000000f4d80000,0x00000000f61cd2b0,0x00000000f6a80000)
  to   space 32256K, 0% used [0x00000000f2e00000,0x00000000f2e00000,0x00000000f4d80000)
 ParOldGen       total 79872K, used 57242K [0x00000000c4000000, 0x00000000c8e00000, 0x00000000ec000000)
  object space 79872K, 71% used [0x00000000c4000000,0x00000000c77e68d0,0x00000000c8e00000)
 PSPermGen       total 55296K, used 31068K [0x00000000bee00000, 0x00000000c2400000, 0x00000000c4000000)
  object space 55296K, 56% used [0x00000000bee00000,0x00000000c0c57288,0x00000000c2400000)
Event: 31,998 GC heap after
Heap after GC invocations=14 (full 1):
 PSYoungGen      total 144896K, used 21348K [0x00000000ec000000, 0x00000000f8d80000, 0x0000000100000000)
  eden space 112640K, 0% used [0x00000000ec000000,0x00000000ec000000,0x00000000f2e00000)
  from space 32256K, 66% used [0x00000000f2e00000,0x00000000f42d9058,0x00000000f4d80000)
  to   space 34304K, 0% used [0x00000000f6c00000,0x00000000f6c00000,0x00000000f8d80000)
 ParOldGen       total 79872K, used 57242K [0x00000000c4000000, 0x00000000c8e00000, 0x00000000ec000000)
  object space 79872K, 71% used [0x00000000c4000000,0x00000000c77e68d0,0x00000000c8e00000)
 PSPermGen       total 55296K, used 31068K [0x00000000bee00000, 0x00000000c2400000, 0x00000000c4000000)
  object space 55296K, 56% used [0x00000000bee00000,0x00000000c0c57288,0x00000000c2400000)
}
Event: 33,305 GC heap before
{Heap before GC invocations=15 (full 1):
 PSYoungGen      total 144896K, used 132690K [0x00000000ec000000, 0x00000000f8d80000, 0x0000000100000000)
  eden space 112640K, 98% used [0x00000000ec000000,0x00000000f2cbba48,0x00000000f2e00000)
  from space 32256K, 66% used [0x00000000f2e00000,0x00000000f42d9058,0x00000000f4d80000)
  to   space 34304K, 0% used [0x00000000f6c00000,0x00000000f6c00000,0x00000000f8d80000)
 ParOldGen       total 79872K, used 57242K [0x00000000c4000000, 0x00000000c8e00000, 0x00000000ec000000)
  object space 79872K, 71% used [0x00000000c4000000,0x00000000c77e68d0,0x00000000c8e00000)
 PSPermGen       total 55296K, used 31077K [0x00000000bee00000, 0x00000000c2400000, 0x00000000c4000000)
  object space 55296K, 56% used [0x00000000bee00000,0x00000000c0c597f0,0x00000000c2400000)
Event: 33,326 GC heap after
Heap after GC invocations=15 (full 1):
 PSYoungGen      total 174592K, used 20995K [0x00000000ec000000, 0x00000000f9000000, 0x0000000100000000)
  eden space 140288K, 0% used [0x00000000ec000000,0x00000000ec000000,0x00000000f4900000)
  from space 34304K, 61% used [0x00000000f6c00000,0x00000000f8080e00,0x00000000f8d80000)
  to   space 35840K, 0% used [0x00000000f4900000,0x00000000f4900000,0x00000000f6c00000)
 ParOldGen       total 79872K, used 57242K [0x00000000c4000000, 0x00000000c8e00000, 0x00000000ec000000)
  object space 79872K, 71% used [0x00000000c4000000,0x00000000c77e68d0,0x00000000c8e00000)
 PSPermGen       total 55296K, used 31077K [0x00000000bee00000, 0x00000000c2400000, 0x00000000c4000000)
  object space 55296K, 56% used [0x00000000bee00000,0x00000000c0c597f0,0x00000000c2400000)
}
Event: 36,087 GC heap before
{Heap before GC invocations=16 (full 1):
 PSYoungGen      total 174592K, used 160973K [0x00000000ec000000, 0x00000000f9000000, 0x0000000100000000)
  eden space 140288K, 99% used [0x00000000ec000000,0x00000000f48b28b8,0x00000000f4900000)
  from space 34304K, 61% used [0x00000000f6c00000,0x00000000f8080e00,0x00000000f8d80000)
  to   space 35840K, 0% used [0x00000000f4900000,0x00000000f4900000,0x00000000f6c00000)
 ParOldGen       total 79872K, used 57242K [0x00000000c4000000, 0x00000000c8e00000, 0x00000000ec000000)
  object space 79872K, 71% used [0x00000000c4000000,0x00000000c77e68d0,0x00000000c8e00000)
 PSPermGen       total 55296K, used 31093K [0x00000000bee00000, 0x00000000c2400000, 0x00000000c4000000)
  object space 55296K, 56% used [0x00000000bee00000,0x00000000c0c5d5d8,0x00000000c2400000)
Event: 36,101 GC heap after
Heap after GC invocations=16 (full 1):
 PSYoungGen      total 176128K, used 21061K [0x00000000ec000000, 0x00000000fb000000, 0x0000000100000000)
  eden space 140288K, 0% used [0x00000000ec000000,0x00000000ec000000,0x00000000f4900000)
  from space 35840K, 58% used [0x00000000f4900000,0x00000000f5d91780,0x00000000f6c00000)
  to   space 36864K, 0% used [0x00000000f8c00000,0x00000000f8c00000,0x00000000fb000000)
 ParOldGen       total 79872K, used 57242K [0x00000000c4000000, 0x00000000c8e00000, 0x00000000ec000000)
  object space 79872K, 71% used [0x00000000c4000000,0x00000000c77e68d0,0x00000000c8e00000)
 PSPermGen       total 55296K, used 31093K [0x00000000bee00000, 0x00000000c2400000, 0x00000000c4000000)
  object space 55296K, 56% used [0x00000000bee00000,0x00000000c0c5d5d8,0x00000000c2400000)
}
Event: 39,229 GC heap before
{Heap before GC invocations=17 (full 1):
 PSYoungGen      total 176128K, used 160532K [0x00000000ec000000, 0x00000000fb000000, 0x0000000100000000)
  eden space 140288K, 99% used [0x00000000ec000000,0x00000000f48339c8,0x00000000f4900000)
  from space 35840K, 58% used [0x00000000f4900000,0x00000000f5d91780,0x00000000f6c00000)
  to   space 36864K, 0% used [0x00000000f8c00000,0x00000000f8c00000,0x00000000fb000000)
 ParOldGen       total 79872K, used 57242K [0x00000000c4000000, 0x00000000c8e00000, 0x00000000ec000000)
  object space 79872K, 71% used [0x00000000c4000000,0x00000000c77e68d0,0x00000000c8e00000)
 PSPermGen       total 55296K, used 31105K [0x00000000bee00000, 0x00000000c2400000, 0x00000000c4000000)
  object space 55296K, 56% used [0x00000000bee00000,0x00000000c0c606c8,0x00000000c2400000)
Event: 39,245 GC heap after
Heap after GC invocations=17 (full 1):
 PSYoungGen      total 202752K, used 21036K [0x00000000ec000000, 0x00000000fad80000, 0x0000000100000000)
  eden space 168448K, 0% used [0x00000000ec000000,0x00000000ec000000,0x00000000f6480000)
  from space 34304K, 61% used [0x00000000f8c00000,0x00000000fa08b0b8,0x00000000fad80000)
  to   space 37376K, 0% used [0x00000000f6480000,0x00000000f6480000,0x00000000f8900000)
 ParOldGen       total 79872K, used 57242K [0x00000000c4000000, 0x00000000c8e00000, 0x00000000ec000000)
  object space 79872K, 71% used [0x00000000c4000000,0x00000000c77e68d0,0x00000000c8e00000)
 PSPermGen       total 55296K, used 31105K [0x00000000bee00000, 0x00000000c2400000, 0x00000000c4000000)
  object space 55296K, 56% used [0x00000000bee00000,0x00000000c0c606c8,0x00000000c2400000)
}
Event: 41,165 GC heap before
{Heap before GC invocations=18 (full 1):
 PSYoungGen      total 202752K, used 188495K [0x00000000ec000000, 0x00000000fad80000, 0x0000000100000000)
  eden space 168448K, 99% used [0x00000000ec000000,0x00000000f6388ef0,0x00000000f6480000)
  from space 34304K, 61% used [0x00000000f8c00000,0x00000000fa08b0b8,0x00000000fad80000)
  to   space 37376K, 0% used [0x00000000f6480000,0x00000000f6480000,0x00000000f8900000)
 ParOldGen       total 79872K, used 57242K [0x00000000c4000000, 0x00000000c8e00000, 0x00000000ec000000)
  object space 79872K, 71% used [0x00000000c4000000,0x00000000c77e68d0,0x00000000c8e00000)
 PSPermGen       total 55296K, used 31126K [0x00000000bee00000, 0x00000000c2400000, 0x00000000c4000000)
  object space 55296K, 56% used [0x00000000bee00000,0x00000000c0c65850,0x00000000c2400000)
Event: 41,183 GC heap after
Heap after GC invocations=18 (full 1):
 PSYoungGen      total 205824K, used 20676K [0x00000000ec000000, 0x00000000fc380000, 0x0000000100000000)
  eden space 168448K, 0% used [0x00000000ec000000,0x00000000ec000000,0x00000000f6480000)
  from space 37376K, 55% used [0x00000000f6480000,0x00000000f78b12f8,0x00000000f8900000)
  to   space 37888K, 0% used [0x00000000f9e80000,0x00000000f9e80000,0x00000000fc380000)
 ParOldGen       total 79872K, used 57242K [0x00000000c4000000, 0x00000000c8e00000, 0x00000000ec000000)
  object space 79872K, 71% used [0x00000000c4000000,0x00000000c77e68d0,0x00000000c8e00000)
 PSPermGen       total 55296K, used 31126K [0x00000000bee00000, 0x00000000c2400000, 0x00000000c4000000)
  object space 55296K, 56% used [0x00000000bee00000,0x00000000c0c65850,0x00000000c2400000)
}

